
**************************************************
***Dell Get Dock Version started on 9/16/2022 at 12:59:50***
Command: C:\WINDOWS\TEMP\invE12A_tmp\TBT_Dock_Firmware\GetDockVer32W.exe /o= ..\TB_Dock_Inv.xml

WSMT Supported: using WMI commands
Error: No dock attached
Error: No Dock found or cannot communicate to the Dock. Exit the program.

**************************************************
***Dell Get Dock Version started on 9/19/2022 at 15:10:42***
Command: C:\WINDOWS\TEMP\invD74A_tmp\TBT_Dock_Firmware\GetDockVer32W.exe /o= ..\TB_Dock_Inv.xml

WSMT Supported: using WMI commands
Error: No dock attached
Error: No Dock found or cannot communicate to the Dock. Exit the program.

**************************************************
***Dell Get Dock Version started on 9/22/2022 at 23:35:41***
Command: C:\WINDOWS\TEMP\inv40F5_tmp\TBT_Dock_Firmware\GetDockVer32W.exe /o= ..\TB_Dock_Inv.xml

WSMT Supported: using WMI commands
Error: No dock attached
Error: No Dock found or cannot communicate to the Dock. Exit the program.

**************************************************
***Dell Get Dock Version started on 10/21/2022 at 17:35:25***
Command: C:\WINDOWS\TEMP\invAC29_tmp\TBT_Dock_Firmware\GetDockVer32W.exe /o= ..\TB_Dock_Inv.xml

WSMT Supported: using WMI commands
Error: No dock attached
Error: No Dock found or cannot communicate to the Dock. Exit the program.

**************************************************
***Dell Get Dock Version started on 10/22/2022 at 15:00:25***
Command: C:\WINDOWS\TEMP\invD816_tmp\TBT_Dock_Firmware\GetDockVer32W.exe /o= ..\TB_Dock_Inv.xml

WSMT Supported: using WMI commands
Error: No dock attached
Error: No Dock found or cannot communicate to the Dock. Exit the program.

**************************************************
***Dell Get Dock Version started on 10/22/2022 at 16:48:46***
Command: C:\WINDOWS\TEMP\invF90_tmp\TBT_Dock_Firmware\GetDockVer32W.exe /o= ..\TB_Dock_Inv.xml

WSMT Supported: using WMI commands
Error: No dock attached
Error: No Dock found or cannot communicate to the Dock. Exit the program.

**************************************************
***Dell Get Dock Version started on 10/22/2022 at 16:50:19***
Command: C:\WINDOWS\TEMP\inv77BB_tmp\TBT_Dock_Firmware\GetDockVer32W.exe /o= ..\TB_Dock_Inv.xml

WSMT Supported: using WMI commands
Error: No dock attached
Error: No Dock found or cannot communicate to the Dock. Exit the program.

**************************************************
***Dell Get Dock Version started on 10/25/2022 at 14:11:10***
Command: C:\WINDOWS\TEMP\invBDE9_tmp\TBT_Dock_Firmware\GetDockVer32W.exe /o= ..\TB_Dock_Inv.xml

WSMT Supported: using WMI commands
Error: No dock attached
Error: No Dock found or cannot communicate to the Dock. Exit the program.

**************************************************
***Dell Get Dock Version started on 11/10/2022 at 20:18:27***
Command: C:\WINDOWS\TEMP\invBCF3_tmp\TBT_Dock_Firmware\GetDockVer32W.exe /o= ..\TB_Dock_Inv.xml

WSMT Supported: using WMI commands
Error: No dock attached
Error: No Dock found or cannot communicate to the Dock. Exit the program.

**************************************************
***Dell Get Dock Version started on 11/20/2022 at 23:18:21***
Command: C:\WINDOWS\TEMP\inv299C_tmp\TBT_Dock_Firmware\GetDockVer32W.exe /o= ..\TB_Dock_Inv.xml

WSMT Supported: using WMI commands
Error: No dock attached
Error: No Dock found or cannot communicate to the Dock. Exit the program.

**************************************************
***Dell Get Dock Version started on 11/21/2022 at 19:52:16***
Command: C:\WINDOWS\TEMP\invDB07_tmp\TBT_Dock_Firmware\GetDockVer32W.exe /o= ..\TB_Dock_Inv.xml

WSMT Supported: using WMI commands
Error: No dock attached
Error: No Dock found or cannot communicate to the Dock. Exit the program.

**************************************************
***Dell Get Dock Version started on 11/30/2022 at 12:31:33***
Command: C:\WINDOWS\TEMP\invA313_tmp\TBT_Dock_Firmware\GetDockVer32W.exe /o= ..\TB_Dock_Inv.xml

WSMT Supported: using WMI commands
Error: No dock attached
Error: No Dock found or cannot communicate to the Dock. Exit the program.

**************************************************
***Dell Get Dock Version started on 12/4/2022 at 0:35:51***
Command: C:\WINDOWS\TEMP\invD4D3_tmp\TBT_Dock_Firmware\GetDockVer32W.exe /o= ..\TB_Dock_Inv.xml

WSMT Supported: using WMI commands
Error: No dock attached
Error: No Dock found or cannot communicate to the Dock. Exit the program.

**************************************************
***Dell Get Dock Version started on 12/4/2022 at 1:46:59***
Command: C:\WINDOWS\TEMP\invF995_tmp\TBT_Dock_Firmware\GetDockVer32W.exe /o= ..\TB_Dock_Inv.xml

WSMT Supported: using WMI commands
Error: No dock attached
Error: No Dock found or cannot communicate to the Dock. Exit the program.

**************************************************
***Dell Get Dock Version started on 12/4/2022 at 1:47:42***
Command: C:\WINDOWS\TEMP\invA1BC_tmp\TBT_Dock_Firmware\GetDockVer32W.exe /o= ..\TB_Dock_Inv.xml

WSMT Supported: using WMI commands
Error: No dock attached
Error: No Dock found or cannot communicate to the Dock. Exit the program.

**************************************************
***Dell Get Dock Version started on 12/6/2022 at 13:09:23***
Command: C:\WINDOWS\TEMP\invC9E8_tmp\TBT_Dock_Firmware\GetDockVer32W.exe /o= ..\TB_Dock_Inv.xml

WSMT Supported: using WMI commands
Error: No dock attached
Error: No Dock found or cannot communicate to the Dock. Exit the program.

**************************************************
***Dell Get Dock Version started on 12/12/2022 at 13:44:58***
Command: C:\WINDOWS\TEMP\inv9CE2_tmp\TBT_Dock_Firmware\GetDockVer32W.exe /o= ..\TB_Dock_Inv.xml

WSMT Supported: using WMI commands
Error: No dock attached
Error: No Dock found or cannot communicate to the Dock. Exit the program.

**************************************************
***Dell Get Dock Version started on 12/18/2022 at 21:34:23***
Command: C:\WINDOWS\TEMP\inv805C_tmp\TBT_Dock_Firmware\GetDockVer32W.exe /o= ..\TB_Dock_Inv.xml

WSMT Supported: using WMI commands
Error: No dock attached
Error: No Dock found or cannot communicate to the Dock. Exit the program.

**************************************************
***Dell Get Dock Version started on 12/21/2022 at 12:32:47***
Command: C:\WINDOWS\TEMP\invCA8B_tmp\TBT_Dock_Firmware\GetDockVer32W.exe /o= ..\TB_Dock_Inv.xml

WSMT Supported: using WMI commands
Error: No dock attached
Error: No Dock found or cannot communicate to the Dock. Exit the program.

**************************************************
***Dell Get Dock Version started on 12/24/2022 at 12:40:04***
Command: C:\WINDOWS\TEMP\inv96F1_tmp\TBT_Dock_Firmware\GetDockVer32W.exe /o= ..\TB_Dock_Inv.xml

WSMT Supported: using WMI commands
Error: No dock attached
Error: No Dock found or cannot communicate to the Dock. Exit the program.

**************************************************
***Dell Get Dock Version started on 12/27/2022 at 15:46:09***
Command: C:\WINDOWS\TEMP\invCBD_tmp\TBT_Dock_Firmware\GetDockVer32W.exe /o= ..\TB_Dock_Inv.xml

WSMT Supported: using WMI commands
Error: No dock attached
Error: No Dock found or cannot communicate to the Dock. Exit the program.

**************************************************
***Dell Get Dock Version started on 1/2/2023 at 16:23:29***
Command: C:\WINDOWS\TEMP\inv1D76_tmp\TBT_Dock_Firmware\GetDockVer32W.exe /o= ..\TB_Dock_Inv.xml

WSMT Supported: using WMI commands
Error: No dock attached
Error: No Dock found or cannot communicate to the Dock. Exit the program.

**************************************************
***Dell Get Dock Version started on 1/5/2023 at 12:31:34***
Command: C:\WINDOWS\TEMP\invDB00_tmp\TBT_Dock_Firmware\GetDockVer32W.exe /o= ..\TB_Dock_Inv.xml

WSMT Supported: using WMI commands
Error: No dock attached
Error: No Dock found or cannot communicate to the Dock. Exit the program.

**************************************************
***Dell Get Dock Version started on 1/8/2023 at 18:03:04***
Command: C:\WINDOWS\TEMP\inv6DA4_tmp\TBT_Dock_Firmware\GetDockVer32W.exe /o= ..\TB_Dock_Inv.xml

WSMT Supported: using WMI commands
Error: No dock attached
Error: No Dock found or cannot communicate to the Dock. Exit the program.

**************************************************
***Dell Get Dock Version started on 1/11/2023 at 22:37:24***
Command: C:\WINDOWS\TEMP\invB274_tmp\TBT_Dock_Firmware\GetDockVer32W.exe /o= ..\TB_Dock_Inv.xml

WSMT Supported: using WMI commands
Error: No dock attached
Error: No Dock found or cannot communicate to the Dock. Exit the program.

**************************************************
***Dell Get Dock Version started on 1/14/2023 at 20:35:48***
Command: C:\WINDOWS\TEMP\inv80CC_tmp\TBT_Dock_Firmware\GetDockVer32W.exe /o= ..\TB_Dock_Inv.xml

WSMT Supported: using WMI commands
Error: No dock attached
Error: No Dock found or cannot communicate to the Dock. Exit the program.

**************************************************
***Dell Get Dock Version started on 1/19/2023 at 15:12:34***
Command: C:\WINDOWS\TEMP\inv5D65_tmp\TBT_Dock_Firmware\GetDockVer32W.exe /o= ..\TB_Dock_Inv.xml

WSMT Supported: using WMI commands
Error: No dock attached
Error: No Dock found or cannot communicate to the Dock. Exit the program.

**************************************************
***Dell Get Dock Version started on 1/20/2023 at 13:09:00***
Command: C:\WINDOWS\TEMP\inv90F3_tmp\TBT_Dock_Firmware\GetDockVer32W.exe /o= ..\TB_Dock_Inv.xml

WSMT Supported: using WMI commands
Error: No dock attached
Error: No Dock found or cannot communicate to the Dock. Exit the program.

**************************************************
***Dell Get Dock Version started on 1/23/2023 at 13:59:47***
Command: C:\WINDOWS\TEMP\inv2C54_tmp\TBT_Dock_Firmware\GetDockVer32W.exe /o= ..\TB_Dock_Inv.xml

WSMT Supported: using WMI commands
Error: No dock attached
Error: No Dock found or cannot communicate to the Dock. Exit the program.

**************************************************
***Dell Get Dock Version started on 1/26/2023 at 14:30:24***
Command: C:\WINDOWS\TEMP\inv4194_tmp\TBT_Dock_Firmware\GetDockVer32W.exe /o= ..\TB_Dock_Inv.xml

WSMT Supported: using WMI commands
Error: No dock attached
Error: No Dock found or cannot communicate to the Dock. Exit the program.

**************************************************
***Dell Get Dock Version started on 1/29/2023 at 15:18:54***
Command: C:\WINDOWS\TEMP\invB61D_tmp\TBT_Dock_Firmware\GetDockVer32W.exe /o= ..\TB_Dock_Inv.xml

WSMT Supported: using WMI commands
Error: No dock attached
Error: No Dock found or cannot communicate to the Dock. Exit the program.

**************************************************
***Dell Get Dock Version started on 2/1/2023 at 12:48:51***
Command: C:\WINDOWS\TEMP\inv569A_tmp\TBT_Dock_Firmware\GetDockVer32W.exe /o= ..\TB_Dock_Inv.xml

WSMT Supported: using WMI commands
Error: No dock attached
Error: No Dock found or cannot communicate to the Dock. Exit the program.

**************************************************
***Dell Get Dock Version started on 2/4/2023 at 19:50:43***
Command: C:\WINDOWS\TEMP\invA701_tmp\TBT_Dock_Firmware\GetDockVer32W.exe /o= ..\TB_Dock_Inv.xml

WSMT Supported: using WMI commands
Error: No dock attached
Error: No Dock found or cannot communicate to the Dock. Exit the program.

**************************************************
***Dell Get Dock Version started on 2/13/2023 at 13:48:11***
Command: C:\WINDOWS\TEMP\inv1ACE_tmp\TBT_Dock_Firmware\GetDockVer32W.exe /o= ..\TB_Dock_Inv.xml

WSMT Supported: using WMI commands
Error: No dock attached
Error: No Dock found or cannot communicate to the Dock. Exit the program.

**************************************************
***Dell Get Dock Version started on 2/15/2023 at 20:53:32***
Command: C:\WINDOWS\TEMP\inv422E_tmp\TBT_Dock_Firmware\GetDockVer32W.exe /o= ..\TB_Dock_Inv.xml

WSMT Supported: using WMI commands
Error: No dock attached
Error: No Dock found or cannot communicate to the Dock. Exit the program.

**************************************************
***Dell Get Dock Version started on 2/15/2023 at 20:54:38***
Command: C:\WINDOWS\TEMP\inv4621_tmp\TBT_Dock_Firmware\GetDockVer32W.exe /o= ..\TB_Dock_Inv.xml

WSMT Supported: using WMI commands
Error: No dock attached
Error: No Dock found or cannot communicate to the Dock. Exit the program.

**************************************************
***Dell Get Dock Version started on 2/28/2023 at 13:41:03***
Command: C:\WINDOWS\TEMP\inv1265_tmp\TBT_Dock_Firmware\GetDockVer32W.exe /o= ..\TB_Dock_Inv.xml

WSMT Supported: using WMI commands
Error: No dock attached
Error: No Dock found or cannot communicate to the Dock. Exit the program.

**************************************************
***Dell Get Dock Version started on 3/6/2023 at 20:14:34***
Command: C:\WINDOWS\TEMP\inv8EC9_tmp\TBT_Dock_Firmware\GetDockVer32W.exe /o= ..\TB_Dock_Inv.xml

WSMT Supported: using WMI commands
Error: No dock attached
Error: No Dock found or cannot communicate to the Dock. Exit the program.

**************************************************
***Dell Get Dock Version started on 3/9/2023 at 19:15:43***
Command: C:\WINDOWS\TEMP\invC693_tmp\TBT_Dock_Firmware\GetDockVer32W.exe /o= ..\TB_Dock_Inv.xml

WSMT Supported: using WMI commands
Error: No dock attached
Error: No Dock found or cannot communicate to the Dock. Exit the program.

**************************************************
***Dell Get Dock Version started on 3/12/2023 at 20:36:41***
Command: C:\WINDOWS\TEMP\invFD46_tmp\TBT_Dock_Firmware\GetDockVer32W.exe /o= ..\TB_Dock_Inv.xml

WSMT Supported: using WMI commands
Error: No dock attached
Error: No Dock found or cannot communicate to the Dock. Exit the program.

**************************************************
***Dell Get Dock Version started on 3/15/2023 at 22:14:16***
Command: C:\WINDOWS\TEMP\inv6CF2_tmp\TBT_Dock_Firmware\GetDockVer32W.exe /o= ..\TB_Dock_Inv.xml

WSMT Supported: using WMI commands
Error: No dock attached
Error: No Dock found or cannot communicate to the Dock. Exit the program.

**************************************************
***Dell Get Dock Version started on 3/18/2023 at 14:11:49***
Command: C:\WINDOWS\TEMP\invEA7F_tmp\TBT_Dock_Firmware\GetDockVer32W.exe /o= ..\TB_Dock_Inv.xml

WSMT Supported: using WMI commands
Error: No dock attached
Error: No Dock found or cannot communicate to the Dock. Exit the program.

**************************************************
***Dell Get Dock Version started on 3/21/2023 at 21:08:44***
Command: C:\WINDOWS\TEMP\invAD7F_tmp\TBT_Dock_Firmware\GetDockVer32W.exe /o= ..\TB_Dock_Inv.xml

WSMT Supported: using WMI commands
Error: No dock attached
Error: No Dock found or cannot communicate to the Dock. Exit the program.

**************************************************
***Dell Get Dock Version started on 3/24/2023 at 12:31:36***
Command: C:\WINDOWS\TEMP\inv5AC3_tmp\TBT_Dock_Firmware\GetDockVer32W.exe /o= ..\TB_Dock_Inv.xml

WSMT Supported: using WMI commands
Error: No dock attached
Error: No Dock found or cannot communicate to the Dock. Exit the program.

**************************************************
***Dell Get Dock Version started on 3/28/2023 at 0:12:14***
Command: C:\WINDOWS\TEMP\invDE38_tmp\TBT_Dock_Firmware\GetDockVer32W.exe /o= ..\TB_Dock_Inv.xml

WSMT Supported: using WMI commands
Error: No dock attached
Error: No Dock found or cannot communicate to the Dock. Exit the program.

**************************************************
***Dell Get Dock Version started on 4/2/2023 at 14:14:53***
Command: C:\WINDOWS\TEMP\invCCC1_tmp\TBT_Dock_Firmware\GetDockVer32W.exe /o= ..\TB_Dock_Inv.xml

WSMT Supported: using WMI commands
Error: No dock attached
Error: No Dock found or cannot communicate to the Dock. Exit the program.

**************************************************
***Dell Get Dock Version started on 4/5/2023 at 15:33:05***
Command: C:\WINDOWS\TEMP\inv7C8B_tmp\TBT_Dock_Firmware\GetDockVer32W.exe /o= ..\TB_Dock_Inv.xml

WSMT Supported: using WMI commands
Error: No dock attached
Error: No Dock found or cannot communicate to the Dock. Exit the program.

**************************************************
***Dell Get Dock Version started on 4/11/2023 at 14:19:10***
Command: C:\WINDOWS\TEMP\inv9827_tmp\TBT_Dock_Firmware\GetDockVer32W.exe /o= ..\TB_Dock_Inv.xml

WSMT Supported: using WMI commands
Error: No dock attached
Error: No Dock found or cannot communicate to the Dock. Exit the program.

**************************************************
***Dell Get Dock Version started on 4/15/2023 at 2:18:35***
Command: C:\WINDOWS\TEMP\inv49FD_tmp\TBT_Dock_Firmware\GetDockVer32W.exe /o= ..\TB_Dock_Inv.xml

WSMT Supported: using WMI commands
Error: No dock attached
Error: No Dock found or cannot communicate to the Dock. Exit the program.

**************************************************
***Dell Get Dock Version started on 4/17/2023 at 16:24:52***
Command: C:\WINDOWS\TEMP\invDE6E_tmp\TBT_Dock_Firmware\GetDockVer32W.exe /o= ..\TB_Dock_Inv.xml

WSMT Supported: using WMI commands
Error: No dock attached
Error: No Dock found or cannot communicate to the Dock. Exit the program.

**************************************************
***Dell Get Dock Version started on 4/20/2023 at 15:23:28***
Command: C:\WINDOWS\TEMP\invD10B_tmp\TBT_Dock_Firmware\GetDockVer32W.exe /o= ..\TB_Dock_Inv.xml

WSMT Supported: using WMI commands
Error: No dock attached
Error: No Dock found or cannot communicate to the Dock. Exit the program.

**************************************************
***Dell Get Dock Version started on 4/23/2023 at 18:51:22***
Command: C:\WINDOWS\TEMP\inv3A05_tmp\TBT_Dock_Firmware\GetDockVer32W.exe /o= ..\TB_Dock_Inv.xml

WSMT Supported: using WMI commands
Error: No dock attached
Error: No Dock found or cannot communicate to the Dock. Exit the program.

**************************************************
***Dell Get Dock Version started on 4/30/2023 at 19:59:48***
Command: C:\WINDOWS\TEMP\invC175_tmp\TBT_Dock_Firmware\GetDockVer32W.exe /o= ..\TB_Dock_Inv.xml

WSMT Supported: using WMI commands
Error: No dock attached
Error: No Dock found or cannot communicate to the Dock. Exit the program.

**************************************************
***Dell Get Dock Version started on 5/2/2023 at 16:13:16***
Command: C:\WINDOWS\TEMP\inv183A_tmp\TBT_Dock_Firmware\GetDockVer32W.exe /o= ..\TB_Dock_Inv.xml

WSMT Supported: using WMI commands
Error: No dock attached
Error: No Dock found or cannot communicate to the Dock. Exit the program.

**************************************************
***Dell Get Dock Version started on 5/6/2023 at 22:24:46***
Command: C:\WINDOWS\TEMP\invFE0A_tmp\TBT_Dock_Firmware\GetDockVer32W.exe /o= ..\TB_Dock_Inv.xml

WSMT Supported: using WMI commands
Error: No dock attached
Error: No Dock found or cannot communicate to the Dock. Exit the program.

**************************************************
***Dell Get Dock Version started on 5/6/2023 at 22:36:19***
Command: C:\WINDOWS\TEMP\inv925A_tmp\TBT_Dock_Firmware\GetDockVer32W.exe /o= ..\TB_Dock_Inv.xml

WSMT Supported: using WMI commands
Error: No dock attached
Error: No Dock found or cannot communicate to the Dock. Exit the program.

**************************************************
***Dell Get Dock Version started on 5/8/2023 at 20:44:09***
Command: C:\WINDOWS\TEMP\invB6D5_tmp\TBT_Dock_Firmware\GetDockVer32W.exe /o= ..\TB_Dock_Inv.xml

WSMT Supported: using WMI commands
Error: No dock attached
Error: No Dock found or cannot communicate to the Dock. Exit the program.

**************************************************
***Dell Get Dock Version started on 5/14/2023 at 13:11:10***
Command: C:\WINDOWS\TEMP\inv2574_tmp\TBT_Dock_Firmware\GetDockVer32W.exe /o= ..\TB_Dock_Inv.xml

WSMT Supported: using WMI commands
Error: No dock attached
Error: No Dock found or cannot communicate to the Dock. Exit the program.

**************************************************
***Dell Get Dock Version started on 5/17/2023 at 21:23:30***
Command: C:\WINDOWS\TEMP\invF361_tmp\TBT_Dock_Firmware\GetDockVer32W.exe /o= ..\TB_Dock_Inv.xml

WSMT Supported: using WMI commands
Error: No dock attached
Error: No Dock found or cannot communicate to the Dock. Exit the program.

**************************************************
***Dell Get Dock Version started on 5/20/2023 at 16:35:47***
Command: C:\WINDOWS\TEMP\invA923_tmp\TBT_Dock_Firmware\GetDockVer32W.exe /o= ..\TB_Dock_Inv.xml

WSMT Supported: using WMI commands
Error: No dock attached
Error: No Dock found or cannot communicate to the Dock. Exit the program.

**************************************************
***Dell Get Dock Version started on 5/26/2023 at 22:55:07***
Command: C:\WINDOWS\TEMP\inv2F78_tmp\TBT_Dock_Firmware\GetDockVer32W.exe /o= ..\TB_Dock_Inv.xml

WSMT Supported: using WMI commands
Error: No dock attached
Error: No Dock found or cannot communicate to the Dock. Exit the program.

**************************************************
***Dell Get Dock Version started on 5/26/2023 at 22:55:20***
Command: C:\WINDOWS\TEMP\inv63E6_tmp\TBT_Dock_Firmware\GetDockVer32W.exe /o= ..\TB_Dock_Inv.xml

WSMT Supported: using WMI commands
Error: No dock attached
Error: No Dock found or cannot communicate to the Dock. Exit the program.

**************************************************
***Dell Get Dock Version started on 5/29/2023 at 23:41:49***
Command: C:\WINDOWS\TEMP\invB3A2_tmp\TBT_Dock_Firmware\GetDockVer32W.exe /o= ..\TB_Dock_Inv.xml

WSMT Supported: using WMI commands
Error: No dock attached
Error: No Dock found or cannot communicate to the Dock. Exit the program.

**************************************************
***Dell Get Dock Version started on 5/29/2023 at 23:42:08***
Command: C:\WINDOWS\TEMP\invF2DD_tmp\TBT_Dock_Firmware\GetDockVer32W.exe /o= ..\TB_Dock_Inv.xml

WSMT Supported: using WMI commands
Error: No dock attached
Error: No Dock found or cannot communicate to the Dock. Exit the program.

**************************************************
***Dell Get Dock Version started on 5/29/2023 at 23:49:38***
Command: C:\WINDOWS\TEMP\invCF65_tmp\TBT_Dock_Firmware\GetDockVer32W.exe /o= ..\TB_Dock_Inv.xml

WSMT Supported: using WMI commands
Error: No dock attached
Error: No Dock found or cannot communicate to the Dock. Exit the program.

**************************************************
***Dell Get Dock Version started on 5/30/2023 at 0:00:36***
Command: C:\WINDOWS\TEMP\invD418_tmp\TBT_Dock_Firmware\GetDockVer32W.exe /o= ..\TB_Dock_Inv.xml

WSMT Supported: using WMI commands
Error: No dock attached
Error: No Dock found or cannot communicate to the Dock. Exit the program.

**************************************************
***Dell Get Dock Version started on 6/1/2023 at 12:46:13***
Command: C:\WINDOWS\TEMP\inv96B5_tmp\TBT_Dock_Firmware\GetDockVer32W.exe /o= ..\TB_Dock_Inv.xml

WSMT Supported: using WMI commands
Error: No dock attached
Error: No Dock found or cannot communicate to the Dock. Exit the program.

**************************************************
***Dell Get Dock Version started on 6/4/2023 at 12:31:15***
Command: C:\WINDOWS\TEMP\invF1F3_tmp\TBT_Dock_Firmware\GetDockVer32W.exe /o= ..\TB_Dock_Inv.xml

WSMT Supported: using WMI commands
Error: No dock attached
Error: No Dock found or cannot communicate to the Dock. Exit the program.

**************************************************
***Dell Get Dock Version started on 6/10/2023 at 20:38:33***
Command: C:\WINDOWS\TEMP\inv52AD_tmp\TBT_Dock_Firmware\GetDockVer32W.exe /o= ..\TB_Dock_Inv.xml

WSMT Supported: using WMI commands
Error: No dock attached
Error: No Dock found or cannot communicate to the Dock. Exit the program.

**************************************************
***Dell Get Dock Version started on 6/13/2023 at 14:15:14***
Command: C:\WINDOWS\TEMP\inv5718_tmp\TBT_Dock_Firmware\GetDockVer32W.exe /o= ..\TB_Dock_Inv.xml

WSMT Supported: using WMI commands
Error: No dock attached
Error: No Dock found or cannot communicate to the Dock. Exit the program.

**************************************************
***Dell Get Dock Version started on 6/16/2023 at 15:42:30***
Command: C:\WINDOWS\TEMP\inv5941_tmp\TBT_Dock_Firmware\GetDockVer32W.exe /o= ..\TB_Dock_Inv.xml

WSMT Supported: using WMI commands
Error: No dock attached
Error: No Dock found or cannot communicate to the Dock. Exit the program.

**************************************************
***Dell Get Dock Version started on 6/19/2023 at 21:09:09***
Command: C:\WINDOWS\TEMP\invA55A_tmp\TBT_Dock_Firmware\GetDockVer32W.exe /o= ..\TB_Dock_Inv.xml

WSMT Supported: using WMI commands
Error: No dock attached
Error: No Dock found or cannot communicate to the Dock. Exit the program.

**************************************************
***Dell Get Dock Version started on 6/23/2023 at 11:11:20***
Command: C:\WINDOWS\TEMP\invCE53_tmp\TBT_Dock_Firmware\GetDockVer32W.exe /o= ..\TB_Dock_Inv.xml

WSMT Supported: using WMI commands
Error: No dock attached
Error: No Dock found or cannot communicate to the Dock. Exit the program.

**************************************************
***Dell Get Dock Version started on 6/25/2023 at 12:31:04***
Command: C:\WINDOWS\TEMP\inv7CBB_tmp\TBT_Dock_Firmware\GetDockVer32W.exe /o= ..\TB_Dock_Inv.xml

WSMT Supported: using WMI commands
Error: No dock attached
Error: No Dock found or cannot communicate to the Dock. Exit the program.

**************************************************
***Dell Get Dock Version started on 7/1/2023 at 13:25:16***
Command: C:\WINDOWS\TEMP\inv77F0_tmp\TBT_Dock_Firmware\GetDockVer32W.exe /o= ..\TB_Dock_Inv.xml

WSMT Supported: using WMI commands
Error: No dock attached
Error: No Dock found or cannot communicate to the Dock. Exit the program.

**************************************************
***Dell Get Dock Version started on 7/4/2023 at 15:35:15***
Command: C:\WINDOWS\TEMP\inv94A7_tmp\TBT_Dock_Firmware\GetDockVer32W.exe /o= ..\TB_Dock_Inv.xml

WSMT Supported: using WMI commands
Error: No dock attached
Error: No Dock found or cannot communicate to the Dock. Exit the program.

**************************************************
***Dell Get Dock Version started on 7/13/2023 at 12:30:37***
Command: C:\WINDOWS\TEMP\invDEA7_tmp\TBT_Dock_Firmware\GetDockVer32W.exe /o= ..\TB_Dock_Inv.xml

WSMT Supported: using WMI commands
Error: No dock attached
Error: No Dock found or cannot communicate to the Dock. Exit the program.

**************************************************
***Dell Get Dock Version started on 7/16/2023 at 14:29:15***
Command: C:\WINDOWS\TEMP\inv8CC7_tmp\TBT_Dock_Firmware\GetDockVer32W.exe /o= ..\TB_Dock_Inv.xml

WSMT Supported: using WMI commands
Error: No dock attached
Error: No Dock found or cannot communicate to the Dock. Exit the program.

**************************************************
***Dell Get Dock Version started on 7/19/2023 at 19:45:12***
Command: C:\WINDOWS\TEMP\invF2D1_tmp\TBT_Dock_Firmware\GetDockVer32W.exe /o= ..\TB_Dock_Inv.xml

WSMT Supported: using WMI commands
Error: No dock attached
Error: No Dock found or cannot communicate to the Dock. Exit the program.

**************************************************
***Dell Get Dock Version started on 7/22/2023 at 15:11:50***
Command: C:\WINDOWS\TEMP\invBD74_tmp\TBT_Dock_Firmware\GetDockVer32W.exe /o= ..\TB_Dock_Inv.xml

WSMT Supported: using WMI commands
Error: No dock attached
Error: No Dock found or cannot communicate to the Dock. Exit the program.

**************************************************
***Dell Get Dock Version started on 7/28/2023 at 12:36:57***
Command: C:\WINDOWS\TEMP\inv1F34_tmp\TBT_Dock_Firmware\GetDockVer32W.exe /o= ..\TB_Dock_Inv.xml

WSMT Supported: using WMI commands
Error: No dock attached
Error: No Dock found or cannot communicate to the Dock. Exit the program.

**************************************************
***Dell Get Dock Version started on 7/31/2023 at 12:38:12***
Command: C:\WINDOWS\TEMP\inv6F9C_tmp\TBT_Dock_Firmware\GetDockVer32W.exe /o= ..\TB_Dock_Inv.xml

WSMT Supported: using WMI commands
Error: No dock attached
Error: No Dock found or cannot communicate to the Dock. Exit the program.

**************************************************
***Dell Get Dock Version started on 8/3/2023 at 17:01:37***
Command: C:\WINDOWS\TEMP\inv667A_tmp\TBT_Dock_Firmware\GetDockVer32W.exe /o= ..\TB_Dock_Inv.xml

WSMT Supported: using WMI commands
Error: No dock attached
Error: No Dock found or cannot communicate to the Dock. Exit the program.

**************************************************
***Dell Get Dock Version started on 8/6/2023 at 15:19:24***
Command: C:\WINDOWS\TEMP\invF05F_tmp\TBT_Dock_Firmware\GetDockVer32W.exe /o= ..\TB_Dock_Inv.xml

WSMT Supported: using WMI commands
Error: No dock attached
Error: No Dock found or cannot communicate to the Dock. Exit the program.

**************************************************
***Dell Get Dock Version started on 8/12/2023 at 16:33:22***
Command: C:\WINDOWS\TEMP\invDB6B_tmp\TBT_Dock_Firmware\GetDockVer32W.exe /o= ..\TB_Dock_Inv.xml

WSMT Supported: using WMI commands
Error: No dock attached
Error: No Dock found or cannot communicate to the Dock. Exit the program.

**************************************************
***Dell Get Dock Version started on 8/15/2023 at 21:15:27***
Command: C:\WINDOWS\TEMP\inv2EDE_tmp\TBT_Dock_Firmware\GetDockVer32W.exe /o= ..\TB_Dock_Inv.xml

WSMT Supported: using WMI commands
Error: No dock attached
Error: No Dock found or cannot communicate to the Dock. Exit the program.

**************************************************
***Dell Get Dock Version started on 8/18/2023 at 15:18:04***
Command: C:\WINDOWS\TEMP\inv1ED2_tmp\TBT_Dock_Firmware\GetDockVer32W.exe /o= ..\TB_Dock_Inv.xml

WSMT Supported: using WMI commands
Error: No dock attached
Error: No Dock found or cannot communicate to the Dock. Exit the program.

**************************************************
***Dell Get Dock Version started on 8/18/2023 at 15:18:24***
Command: C:\WINDOWS\TEMP\inv6E88_tmp\TBT_Dock_Firmware\GetDockVer32W.exe /o= ..\TB_Dock_Inv.xml

WSMT Supported: using WMI commands
Error: No dock attached
Error: No Dock found or cannot communicate to the Dock. Exit the program.

**************************************************
***Dell Get Dock Version started on 8/18/2023 at 15:20:54***
Command: C:\WINDOWS\TEMP\invB7FB_tmp\TBT_Dock_Firmware\GetDockVer32W.exe /o= ..\TB_Dock_Inv.xml

WSMT Supported: using WMI commands
Error: No dock attached
Error: No Dock found or cannot communicate to the Dock. Exit the program.

**************************************************
***Dell Get Dock Version started on 8/18/2023 at 15:24:40***
Command: C:\WINDOWS\TEMP\inv2ACB_tmp\TBT_Dock_Firmware\GetDockVer32W.exe /o= ..\TB_Dock_Inv.xml

WSMT Supported: using WMI commands
Error: No dock attached
Error: No Dock found or cannot communicate to the Dock. Exit the program.

**************************************************
***Dell Get Dock Version started on 8/21/2023 at 17:32:38***
Command: C:\WINDOWS\TEMP\inv7861_tmp\TBT_Dock_Firmware\GetDockVer32W.exe /o= ..\TB_Dock_Inv.xml

WSMT Supported: using WMI commands
Error: No dock attached
Error: No Dock found or cannot communicate to the Dock. Exit the program.

**************************************************
***Dell Get Dock Version started on 8/25/2023 at 15:31:56***
Command: C:\WINDOWS\TEMP\inv45CE_tmp\TBT_Dock_Firmware\GetDockVer32W.exe /o= ..\TB_Dock_Inv.xml

WSMT Supported: using WMI commands
Error: No dock attached
Error: No Dock found or cannot communicate to the Dock. Exit the program.

**************************************************
***Dell Get Dock Version started on 8/31/2023 at 3:11:07***
Command: C:\WINDOWS\TEMP\invA771_tmp\TBT_Dock_Firmware\GetDockVer32W.exe /o= ..\TB_Dock_Inv.xml

WSMT Supported: using WMI commands
Error: No dock attached
Error: No Dock found or cannot communicate to the Dock. Exit the program.

**************************************************
***Dell Get Dock Version started on 9/2/2023 at 13:24:51***
Command: C:\WINDOWS\TEMP\inv7A44_tmp\TBT_Dock_Firmware\GetDockVer32W.exe /o= ..\TB_Dock_Inv.xml

WSMT Supported: using WMI commands
Error: No dock attached
Error: No Dock found or cannot communicate to the Dock. Exit the program.

**************************************************
***Dell Get Dock Version started on 9/5/2023 at 23:07:03***
Command: C:\WINDOWS\TEMP\invC39C_tmp\TBT_Dock_Firmware\GetDockVer32W.exe /o= ..\TB_Dock_Inv.xml

WSMT Supported: using WMI commands
Error: No dock attached
Error: No Dock found or cannot communicate to the Dock. Exit the program.

**************************************************
***Dell Get Dock Version started on 9/9/2023 at 0:18:56***
Command: C:\WINDOWS\TEMP\inv2E3A_tmp\TBT_Dock_Firmware\GetDockVer32W.exe /o= ..\TB_Dock_Inv.xml

WSMT Supported: using WMI commands
Error: No dock attached
Error: No Dock found or cannot communicate to the Dock. Exit the program.

**************************************************
***Dell Get Dock Version started on 9/12/2023 at 1:16:01***
Command: C:\WINDOWS\TEMP\inv8154_tmp\TBT_Dock_Firmware\GetDockVer32W.exe /o= ..\TB_Dock_Inv.xml

WSMT Supported: using WMI commands
Error: No dock attached
Error: No Dock found or cannot communicate to the Dock. Exit the program.

**************************************************
***Dell Get Dock Version started on 9/15/2023 at 12:48:26***
Command: C:\WINDOWS\TEMP\inv7F4F_tmp\TBT_Dock_Firmware\GetDockVer32W.exe /o= ..\TB_Dock_Inv.xml

WSMT Supported: using WMI commands
Error: No dock attached
Error: No Dock found or cannot communicate to the Dock. Exit the program.

**************************************************
***Dell Get Dock Version started on 9/20/2023 at 18:02:39***
Command: C:\WINDOWS\TEMP\invFFA7_tmp\TBT_Dock_Firmware\GetDockVer32W.exe /o= ..\TB_Dock_Inv.xml

WSMT Supported: using WMI commands
Error: No dock attached
Error: No Dock found or cannot communicate to the Dock. Exit the program.

**************************************************
***Dell Get Dock Version started on 9/23/2023 at 15:22:16***
Command: C:\WINDOWS\TEMP\inv535B_tmp\TBT_Dock_Firmware\GetDockVer32W.exe /o= ..\TB_Dock_Inv.xml

WSMT Supported: using WMI commands
Error: No dock attached
Error: No Dock found or cannot communicate to the Dock. Exit the program.

**************************************************
***Dell Get Dock Version started on 9/26/2023 at 20:43:58***
Command: C:\WINDOWS\TEMP\invEAAE_tmp\TBT_Dock_Firmware\GetDockVer32W.exe /o= ..\TB_Dock_Inv.xml

WSMT Supported: using WMI commands
Error: No dock attached
Error: No Dock found or cannot communicate to the Dock. Exit the program.

**************************************************
***Dell Get Dock Version started on 10/7/2023 at 18:19:36***
Command: C:\WINDOWS\TEMP\inv1B9_tmp\TBT_Dock_Firmware\GetDockVer32W.exe /o= ..\TB_Dock_Inv.xml

WSMT Supported: using WMI commands
Error: No dock attached
Error: No Dock found or cannot communicate to the Dock. Exit the program.

**************************************************
***Dell Get Dock Version started on 10/8/2023 at 15:01:38***
Command: C:\WINDOWS\TEMP\inv27FC_tmp\TBT_Dock_Firmware\GetDockVer32W.exe /o= ..\TB_Dock_Inv.xml

WSMT Supported: using WMI commands
Error: No dock attached
Error: No Dock found or cannot communicate to the Dock. Exit the program.

**************************************************
***Dell Get Dock Version started on 10/12/2023 at 0:59:45***
Command: C:\WINDOWS\TEMP\invDE04_tmp\TBT_Dock_Firmware\GetDockVer32W.exe /o= ..\TB_Dock_Inv.xml

WSMT Supported: using WMI commands
Error: No dock attached
Error: No Dock found or cannot communicate to the Dock. Exit the program.

**************************************************
***Dell Get Dock Version started on 10/15/2023 at 0:35:29***
Command: C:\WINDOWS\TEMP\invCC76_tmp\TBT_Dock_Firmware\GetDockVer32W.exe /o= ..\TB_Dock_Inv.xml

WSMT Supported: using WMI commands
Error: No dock attached
Error: No Dock found or cannot communicate to the Dock. Exit the program.

**************************************************
***Dell Get Dock Version started on 10/17/2023 at 18:38:19***
Command: C:\WINDOWS\TEMP\invFA6D_tmp\TBT_Dock_Firmware\GetDockVer32W.exe /o= ..\TB_Dock_Inv.xml

WSMT Supported: using WMI commands
Error: No dock attached
Error: No Dock found or cannot communicate to the Dock. Exit the program.

**************************************************
***Dell Get Dock Version started on 10/29/2023 at 1:11:31***
Command: C:\WINDOWS\TEMP\invEB49_tmp\TBT_Dock_Firmware\GetDockVer32W.exe /o= ..\TB_Dock_Inv.xml

WSMT Supported: using WMI commands
Error: No dock attached
Error: No Dock found or cannot communicate to the Dock. Exit the program.

**************************************************
***Dell Get Dock Version started on 10/29/2023 at 2:19:45***
Command: C:\WINDOWS\TEMP\inv778E_tmp\TBT_Dock_Firmware\GetDockVer32W.exe /o= ..\TB_Dock_Inv.xml

WSMT Supported: using WMI commands
Error: No dock attached
Error: No Dock found or cannot communicate to the Dock. Exit the program.

**************************************************
***Dell Get Dock Version started on 10/29/2023 at 2:21:00***
Command: C:\WINDOWS\TEMP\inv994A_tmp\TBT_Dock_Firmware\GetDockVer32W.exe /o= ..\TB_Dock_Inv.xml

WSMT Supported: using WMI commands
Error: No dock attached
Error: No Dock found or cannot communicate to the Dock. Exit the program.

**************************************************
***Dell Get Dock Version started on 10/30/2023 at 0:51:17***
Command: C:\WINDOWS\TEMP\invAACA_tmp\TBT_Dock_Firmware\GetDockVer32W.exe /o= ..\TB_Dock_Inv.xml

WSMT Supported: using WMI commands
Error: No dock attached
Error: No Dock found or cannot communicate to the Dock. Exit the program.

**************************************************
***Dell Get Dock Version started on 11/5/2023 at 0:34:26***
Command: C:\WINDOWS\TEMP\inv78F7_tmp\TBT_Dock_Firmware\GetDockVer32W.exe /o= ..\TB_Dock_Inv.xml

WSMT Supported: using WMI commands
Error: No dock attached
Error: No Dock found or cannot communicate to the Dock. Exit the program.

**************************************************
***Dell Get Dock Version started on 11/8/2023 at 0:19:47***
Command: C:\WINDOWS\TEMP\inv23CD_tmp\TBT_Dock_Firmware\GetDockVer32W.exe /o= ..\TB_Dock_Inv.xml

WSMT Supported: using WMI commands
Error: No dock attached
Error: No Dock found or cannot communicate to the Dock. Exit the program.

**************************************************
***Dell Get Dock Version started on 11/11/2023 at 0:47:32***
Command: C:\WINDOWS\TEMP\invA88E_tmp\TBT_Dock_Firmware\GetDockVer32W.exe /o= ..\TB_Dock_Inv.xml

WSMT Supported: using WMI commands
Error: No dock attached
Error: No Dock found or cannot communicate to the Dock. Exit the program.

**************************************************
***Dell Get Dock Version started on 11/13/2023 at 17:36:08***
Command: C:\WINDOWS\TEMP\invCB65_tmp\TBT_Dock_Firmware\GetDockVer32W.exe /o= ..\TB_Dock_Inv.xml

WSMT Supported: using WMI commands
Error: No dock attached
Error: No Dock found or cannot communicate to the Dock. Exit the program.

**************************************************
***Dell Get Dock Version started on 11/17/2023 at 20:18:56***
Command: C:\WINDOWS\TEMP\inv4CC5_tmp\TBT_Dock_Firmware\GetDockVer32W.exe /o= ..\TB_Dock_Inv.xml

WSMT Supported: using WMI commands
Error: No dock attached
Error: No Dock found or cannot communicate to the Dock. Exit the program.

**************************************************
***Dell Get Dock Version started on 11/17/2023 at 20:19:13***
Command: C:\WINDOWS\TEMP\inv91AE_tmp\TBT_Dock_Firmware\GetDockVer32W.exe /o= ..\TB_Dock_Inv.xml

WSMT Supported: using WMI commands
Error: No dock attached
Error: No Dock found or cannot communicate to the Dock. Exit the program.

**************************************************
***Dell Get Dock Version started on 11/21/2023 at 1:58:37***
Command: C:\WINDOWS\TEMP\inv638B_tmp\TBT_Dock_Firmware\GetDockVer32W.exe /o= ..\TB_Dock_Inv.xml

WSMT Supported: using WMI commands
Error: No dock attached
Error: No Dock found or cannot communicate to the Dock. Exit the program.

**************************************************
***Dell Get Dock Version started on 11/21/2023 at 1:59:07***
Command: C:\WINDOWS\TEMP\invDF14_tmp\TBT_Dock_Firmware\GetDockVer32W.exe /o= ..\TB_Dock_Inv.xml

WSMT Supported: using WMI commands
Error: No dock attached
Error: No Dock found or cannot communicate to the Dock. Exit the program.

**************************************************
***Dell Get Dock Version started on 11/21/2023 at 2:00:26***
Command: C:\WINDOWS\TEMP\inv1850_tmp\TBT_Dock_Firmware\GetDockVer32W.exe /o= ..\TB_Dock_Inv.xml

WSMT Supported: using WMI commands
Error: No dock attached
Error: No Dock found or cannot communicate to the Dock. Exit the program.

**************************************************
***Dell Get Dock Version started on 11/21/2023 at 2:03:03***
Command: C:\WINDOWS\TEMP\inv7C5F_tmp\TBT_Dock_Firmware\GetDockVer32W.exe /o= ..\TB_Dock_Inv.xml

WSMT Supported: using WMI commands
Error: No dock attached
Error: No Dock found or cannot communicate to the Dock. Exit the program.

**************************************************
***Dell Get Dock Version started on 11/21/2023 at 14:50:22***
Command: C:\WINDOWS\TEMP\invFE3B_tmp\TBT_Dock_Firmware\GetDockVer32W.exe /o= ..\TB_Dock_Inv.xml

WSMT Supported: using WMI commands
Error: No dock attached
Error: No Dock found or cannot communicate to the Dock. Exit the program.

**************************************************
***Dell Get Dock Version started on 11/25/2023 at 19:08:57***
Command: C:\WINDOWS\TEMP\inv30D_tmp\TBT_Dock_Firmware\GetDockVer32W.exe /o= ..\TB_Dock_Inv.xml

WSMT Supported: using WMI commands
Error: No dock attached
Error: No Dock found or cannot communicate to the Dock. Exit the program.

**************************************************
***Dell Get Dock Version started on 11/27/2023 at 17:06:48***
Command: C:\WINDOWS\TEMP\inv166C_tmp\TBT_Dock_Firmware\GetDockVer32W.exe /o= ..\TB_Dock_Inv.xml

WSMT Supported: using WMI commands
Error: No dock attached
Error: No Dock found or cannot communicate to the Dock. Exit the program.

**************************************************
***Dell Get Dock Version started on 12/1/2023 at 0:10:48***
Command: C:\WINDOWS\TEMP\inv8C58_tmp\TBT_Dock_Firmware\GetDockVer32W.exe /o= ..\TB_Dock_Inv.xml

WSMT Supported: using WMI commands
Error: No dock attached
Error: No Dock found or cannot communicate to the Dock. Exit the program.

**************************************************
***Dell Get Dock Version started on 12/4/2023 at 1:02:50***
Command: C:\WINDOWS\TEMP\inv1F95_tmp\TBT_Dock_Firmware\GetDockVer32W.exe /o= ..\TB_Dock_Inv.xml

WSMT Supported: using WMI commands
Error: No dock attached
Error: No Dock found or cannot communicate to the Dock. Exit the program.

**************************************************
***Dell Get Dock Version started on 12/9/2023 at 19:37:28***
Command: C:\WINDOWS\TEMP\invB69A_tmp\TBT_Dock_Firmware\GetDockVer32W.exe /o= ..\TB_Dock_Inv.xml

WSMT Supported: using WMI commands
Error: No dock attached
Error: No Dock found or cannot communicate to the Dock. Exit the program.

**************************************************
***Dell Get Dock Version started on 12/12/2023 at 23:14:54***
Command: C:\WINDOWS\TEMP\invD9E4_tmp\TBT_Dock_Firmware\GetDockVer32W.exe /o= ..\TB_Dock_Inv.xml

WSMT Supported: using WMI commands
Error: No dock attached
Error: No Dock found or cannot communicate to the Dock. Exit the program.

**************************************************
***Dell Get Dock Version started on 12/16/2023 at 10:36:24***
Command: C:\WINDOWS\TEMP\invEB97_tmp\TBT_Dock_Firmware\GetDockVer32W.exe /o= ..\TB_Dock_Inv.xml

WSMT Supported: using WMI commands
Error: No dock attached
Error: No Dock found or cannot communicate to the Dock. Exit the program.

**************************************************
***Dell Get Dock Version started on 12/18/2023 at 20:11:58***
Command: C:\WINDOWS\TEMP\inv9ABA_tmp\TBT_Dock_Firmware\GetDockVer32W.exe /o= ..\TB_Dock_Inv.xml

WSMT Supported: using WMI commands
Error: No dock attached
Error: No Dock found or cannot communicate to the Dock. Exit the program.

**************************************************
***Dell Get Dock Version started on 12/21/2023 at 16:48:17***
Command: C:\WINDOWS\TEMP\inv4700_tmp\TBT_Dock_Firmware\GetDockVer32W.exe /o= ..\TB_Dock_Inv.xml

WSMT Supported: using WMI commands
Error: No dock attached
Error: No Dock found or cannot communicate to the Dock. Exit the program.

**************************************************
***Dell Get Dock Version started on 12/24/2023 at 14:00:44***
Command: C:\WINDOWS\TEMP\invFEEE_tmp\TBT_Dock_Firmware\GetDockVer32W.exe /o= ..\TB_Dock_Inv.xml

WSMT Supported: using WMI commands
Error: No dock attached
Error: No Dock found or cannot communicate to the Dock. Exit the program.

**************************************************
***Dell Get Dock Version started on 12/28/2023 at 17:51:13***
Command: C:\WINDOWS\TEMP\inv7276_tmp\TBT_Dock_Firmware\GetDockVer32W.exe /o= ..\TB_Dock_Inv.xml

WSMT Supported: using WMI commands
Error: No dock attached
Error: No Dock found or cannot communicate to the Dock. Exit the program.

**************************************************
***Dell Get Dock Version started on 12/30/2023 at 12:35:58***
Command: C:\WINDOWS\TEMP\invA560_tmp\TBT_Dock_Firmware\GetDockVer32W.exe /o= ..\TB_Dock_Inv.xml

WSMT Supported: using WMI commands
Error: No dock attached
Error: No Dock found or cannot communicate to the Dock. Exit the program.

**************************************************
***Dell Get Dock Version started on 1/3/2024 at 0:55:29***
Command: C:\WINDOWS\TEMP\invC4EC_tmp\TBT_Dock_Firmware\GetDockVer32W.exe /o= ..\TB_Dock_Inv.xml

WSMT Supported: using WMI commands
Error: No dock attached
Error: No Dock found or cannot communicate to the Dock. Exit the program.

**************************************************
***Dell Get Dock Version started on 1/6/2024 at 1:41:34***
Command: C:\WINDOWS\TEMP\inv14EF_tmp\TBT_Dock_Firmware\GetDockVer32W.exe /o= ..\TB_Dock_Inv.xml

WSMT Supported: using WMI commands
Error: No dock attached
Error: No Dock found or cannot communicate to the Dock. Exit the program.

**************************************************
***Dell Get Dock Version started on 1/12/2024 at 0:28:23***
Command: C:\WINDOWS\TEMP\inv34D7_tmp\TBT_Dock_Firmware\GetDockVer32W.exe /o= ..\TB_Dock_Inv.xml

WSMT Supported: using WMI commands
Error: No dock attached
Error: No Dock found or cannot communicate to the Dock. Exit the program.

**************************************************
***Dell Get Dock Version started on 1/17/2024 at 17:35:25***
Command: C:\WINDOWS\TEMP\invEBE8_tmp\TBT_Dock_Firmware\GetDockVer32W.exe /o= ..\TB_Dock_Inv.xml

WSMT Supported: using WMI commands
Error: No dock attached
Error: No Dock found or cannot communicate to the Dock. Exit the program.

**************************************************
***Dell Get Dock Version started on 1/20/2024 at 23:24:26***
Command: C:\WINDOWS\TEMP\inv94C6_tmp\TBT_Dock_Firmware\GetDockVer32W.exe /o= ..\TB_Dock_Inv.xml

WSMT Supported: using WMI commands
Error: No dock attached
Error: No Dock found or cannot communicate to the Dock. Exit the program.

**************************************************
***Dell Get Dock Version started on 1/23/2024 at 13:42:42***
Command: C:\WINDOWS\TEMP\inv1963_tmp\TBT_Dock_Firmware\GetDockVer32W.exe /o= ..\TB_Dock_Inv.xml

WSMT Supported: using WMI commands
Error: No dock attached
Error: No Dock found or cannot communicate to the Dock. Exit the program.

**************************************************
***Dell Get Dock Version started on 1/31/2024 at 20:43:51***
Command: C:\WINDOWS\TEMP\inv8883_tmp\TBT_Dock_Firmware\GetDockVer32W.exe /o= ..\TB_Dock_Inv.xml

WSMT Supported: using WMI commands
Error: No dock attached
Error: No Dock found or cannot communicate to the Dock. Exit the program.

**************************************************
***Dell Get Dock Version started on 2/1/2024 at 14:01:58***
Command: C:\WINDOWS\TEMP\inv670_tmp\TBT_Dock_Firmware\GetDockVer32W.exe /o= ..\TB_Dock_Inv.xml

WSMT Supported: using WMI commands
Error: No dock attached
Error: No Dock found or cannot communicate to the Dock. Exit the program.

**************************************************
***Dell Get Dock Version started on 2/6/2024 at 1:03:44***
Command: C:\WINDOWS\TEMP\inv5A69_tmp\TBT_Dock_Firmware\GetDockVer32W.exe /o= ..\TB_Dock_Inv.xml

WSMT Supported: using WMI commands
Error: No dock attached
Error: No Dock found or cannot communicate to the Dock. Exit the program.

**************************************************
***Dell Get Dock Version started on 2/6/2024 at 21:24:09***
Command: C:\WINDOWS\TEMP\invAD14_tmp\TBT_Dock_Firmware\GetDockVer32W.exe /o= ..\TB_Dock_Inv.xml

WSMT Supported: using WMI commands
Error: No dock attached
Error: No Dock found or cannot communicate to the Dock. Exit the program.

**************************************************
***Dell Get Dock Version started on 2/6/2024 at 21:25:57***
Command: C:\WINDOWS\TEMP\inv513E_tmp\TBT_Dock_Firmware\GetDockVer32W.exe /o= ..\TB_Dock_Inv.xml

WSMT Supported: using WMI commands
Error: No dock attached
Error: No Dock found or cannot communicate to the Dock. Exit the program.

**************************************************
***Dell Get Dock Version started on 2/11/2024 at 1:08:42***
Command: C:\WINDOWS\TEMP\invD023_tmp\TBT_Dock_Firmware\GetDockVer32W.exe /o= ..\TB_Dock_Inv.xml

WSMT Supported: using WMI commands
Error: No dock attached
Error: No Dock found or cannot communicate to the Dock. Exit the program.

**************************************************
***Dell Get Dock Version started on 2/20/2024 at 18:58:02***
Command: C:\WINDOWS\TEMP\inv67B_tmp\TBT_Dock_Firmware\GetDockVer32W.exe /o= ..\TB_Dock_Inv.xml

WSMT Supported: using WMI commands
Error: No dock attached
Error: No Dock found or cannot communicate to the Dock. Exit the program.

**************************************************
***Dell Get Dock Version started on 2/22/2024 at 12:31:15***
Command: C:\WINDOWS\TEMP\invD0F4_tmp\TBT_Dock_Firmware\GetDockVer32W.exe /o= ..\TB_Dock_Inv.xml

WSMT Supported: using WMI commands
Error: No dock attached
Error: No Dock found or cannot communicate to the Dock. Exit the program.

**************************************************
***Dell Get Dock Version started on 2/25/2024 at 14:39:56***
Command: C:\WINDOWS\TEMP\invB7FA_tmp\bin\GetDockVer32W.exe /o= ..\TB_Dock_Inv.xml

WSMT Supported: using WMI commands
Error: No dock attached
Error: No Dock found or cannot communicate to the Dock. Exit the program.

**************************************************
***Dell Get Dock Version started on 2/25/2024 at 14:40:12***
Command: C:\WINDOWS\TEMP\invF65B_tmp\bin\GetDockVer32W.exe /o= ..\TB_Dock_Inv.xml

WSMT Supported: using WMI commands
Error: No dock attached
Error: No Dock found or cannot communicate to the Dock. Exit the program.

**************************************************
***Dell Get Dock Version started on 2/25/2024 at 14:43:40***
Command: C:\WINDOWS\TEMP\inv1E86_tmp\bin\GetDockVer32W.exe /o= ..\TB_Dock_Inv.xml

WSMT Supported: using WMI commands
Error: No dock attached
Error: No Dock found or cannot communicate to the Dock. Exit the program.

**************************************************
***Dell Get Dock Version started on 2/25/2024 at 14:54:07***
Command: C:\WINDOWS\TEMP\invB5D8_tmp\bin\GetDockVer32W.exe /o= ..\TB_Dock_Inv.xml

WSMT Supported: using WMI commands
Error: No dock attached
Error: No Dock found or cannot communicate to the Dock. Exit the program.

**************************************************
***Dell Get Dock Version started on 2/28/2024 at 12:41:23***
Command: C:\WINDOWS\TEMP\invF8E4_tmp\bin\GetDockVer32W.exe /o= ..\TB_Dock_Inv.xml

WSMT Supported: using WMI commands
Error: No dock attached
Error: No Dock found or cannot communicate to the Dock. Exit the program.

**************************************************
***Dell Get Dock Version started on 3/2/2024 at 12:31:28***
Command: C:\WINDOWS\TEMP\inv5471_tmp\bin\GetDockVer32W.exe /o= ..\TB_Dock_Inv.xml

WSMT Supported: using WMI commands
Error: No dock attached
Error: No Dock found or cannot communicate to the Dock. Exit the program.

**************************************************
***Dell Get Dock Version started on 3/5/2024 at 12:47:36***
Command: C:\WINDOWS\TEMP\inv31B8_tmp\bin\GetDockVer32W.exe /o= ..\TB_Dock_Inv.xml

WSMT Supported: using WMI commands
Error: No dock attached
Error: No Dock found or cannot communicate to the Dock. Exit the program.

**************************************************
***Dell Get Dock Version started on 3/9/2024 at 0:49:19***
Command: C:\WINDOWS\TEMP\invA18_tmp\bin\GetDockVer32W.exe /o= ..\TB_Dock_Inv.xml

WSMT Supported: using WMI commands
Error: No dock attached
Error: No Dock found or cannot communicate to the Dock. Exit the program.

**************************************************
***Dell Get Dock Version started on 3/11/2024 at 12:31:25***
Command: C:\WINDOWS\TEMP\inv962E_tmp\bin\GetDockVer32W.exe /o= ..\TB_Dock_Inv.xml

WSMT Supported: using WMI commands
Error: No dock attached
Error: No Dock found or cannot communicate to the Dock. Exit the program.

**************************************************
***Dell Get Dock Version started on 3/14/2024 at 17:00:22***
Command: C:\Program Files (x86)\Dell\UpdateService\Service\InvColPC\bin\GetDockVer32W.exe /o= ..\TB_Dock_Inv.xml

WSMT Supported: using WMI commands
Error: No dock attached
Error: No Dock found or cannot communicate to the Dock. Exit the program.

**************************************************
***Dell Get Dock Version started on 3/18/2024 at 0:11:09***
Command: C:\Program Files (x86)\Dell\UpdateService\Service\InvColPC\bin\GetDockVer32W.exe /o= ..\TB_Dock_Inv.xml

WSMT Supported: using WMI commands
Error: No dock attached
Error: No Dock found or cannot communicate to the Dock. Exit the program.

**************************************************
***Dell Get Dock Version started on 3/23/2024 at 17:08:18***
Command: C:\Program Files (x86)\Dell\UpdateService\Service\InvColPC\bin\GetDockVer32W.exe /o= ..\TB_Dock_Inv.xml

WSMT Supported: using WMI commands
Error: No dock attached
Error: No Dock found or cannot communicate to the Dock. Exit the program.

**************************************************
***Dell Get Dock Version started on 3/30/2024 at 0:09:33***
Command: C:\WINDOWS\TEMP\invF5A3_tmp\bin\GetDockVer32W.exe /o= ..\TB_Dock_Inv.xml

WSMT Supported: using WMI commands
Error: No dock attached
Error: No Dock found or cannot communicate to the Dock. Exit the program.

**************************************************
***Dell Get Dock Version started on 4/1/2024 at 16:48:30***
Command: C:\WINDOWS\TEMP\inv4CA4_tmp\bin\GetDockVer32W.exe /o= ..\TB_Dock_Inv.xml

WSMT Supported: using WMI commands
Error: No dock attached
Error: No Dock found or cannot communicate to the Dock. Exit the program.

**************************************************
***Dell Get Dock Version started on 4/4/2024 at 14:08:45***
Command: C:\WINDOWS\TEMP\inv26ED_tmp\bin\GetDockVer32W.exe /o= ..\TB_Dock_Inv.xml

WSMT Supported: using WMI commands
Error: No dock attached
Error: No Dock found or cannot communicate to the Dock. Exit the program.

**************************************************
***Dell Get Dock Version started on 4/7/2024 at 15:05:15***
Command: C:\WINDOWS\TEMP\invE09B_tmp\bin\GetDockVer32W.exe /o= ..\TB_Dock_Inv.xml

WSMT Supported: using WMI commands
Error: No dock attached
Error: No Dock found or cannot communicate to the Dock. Exit the program.

**************************************************
***Dell Get Dock Version started on 4/10/2024 at 23:43:18***
Command: C:\WINDOWS\TEMP\inv59AD_tmp\bin\GetDockVer32W.exe /o= ..\TB_Dock_Inv.xml

WSMT Supported: using WMI commands
Error: No dock attached
Error: No Dock found or cannot communicate to the Dock. Exit the program.

**************************************************
***Dell Get Dock Version started on 4/11/2024 at 20:29:57***
Command: C:\WINDOWS\TEMP\invB387_tmp\bin\GetDockVer32W.exe /o= ..\TB_Dock_Inv.xml

WSMT Supported: using WMI commands
Error: No dock attached
Error: No Dock found or cannot communicate to the Dock. Exit the program.

**************************************************
***Dell Get Dock Version started on 4/13/2024 at 17:14:48***
Command: C:\WINDOWS\TEMP\invC72A_tmp\bin\GetDockVer32W.exe /o= ..\TB_Dock_Inv.xml

WSMT Supported: using WMI commands
Error: No dock attached
Error: No Dock found or cannot communicate to the Dock. Exit the program.

**************************************************
***Dell Get Dock Version started on 4/16/2024 at 23:36:17***
Command: C:\WINDOWS\TEMP\inv7029_tmp\bin\GetDockVer32W.exe /o= ..\TB_Dock_Inv.xml

WSMT Supported: using WMI commands
Error: No dock attached
Error: No Dock found or cannot communicate to the Dock. Exit the program.

**************************************************
***Dell Get Dock Version started on 4/22/2024 at 16:57:08***
Command: C:\WINDOWS\TEMP\inv278C_tmp\bin\GetDockVer32W.exe /o= ..\TB_Dock_Inv.xml

WSMT Supported: using WMI commands
Error: No dock attached
Error: No Dock found or cannot communicate to the Dock. Exit the program.

**************************************************
***Dell Get Dock Version started on 4/29/2024 at 0:37:31***
Command: C:\WINDOWS\TEMP\invE66D_tmp\bin\GetDockVer32W.exe /o= ..\TB_Dock_Inv.xml

WSMT Supported: using WMI commands
Error: No dock attached
Error: No Dock found or cannot communicate to the Dock. Exit the program.

**************************************************
***Dell Get Dock Version started on 4/30/2024 at 1:37:15***
Command: C:\WINDOWS\TEMP\invF338_tmp\bin\GetDockVer32W.exe /o= ..\TB_Dock_Inv.xml

WSMT Supported: using WMI commands
Error: No dock attached
Error: No Dock found or cannot communicate to the Dock. Exit the program.

**************************************************
***Dell Get Dock Version started on 5/2/2024 at 19:21:57***
Command: C:\WINDOWS\TEMP\inv5D97_tmp\bin\GetDockVer32W.exe /o= ..\TB_Dock_Inv.xml

WSMT Supported: using WMI commands
Error: No dock attached
Error: No Dock found or cannot communicate to the Dock. Exit the program.

**************************************************
***Dell Get Dock Version started on 5/6/2024 at 1:03:53***
Command: C:\WINDOWS\TEMP\inv6FEA_tmp\bin\GetDockVer32W.exe /o= ..\TB_Dock_Inv.xml

WSMT Supported: using WMI commands
Error: No dock attached
Error: No Dock found or cannot communicate to the Dock. Exit the program.

**************************************************
***Dell Get Dock Version started on 5/8/2024 at 1:07:42***
Command: C:\WINDOWS\TEMP\invBA19_tmp\bin\GetDockVer32W.exe /o= ..\TB_Dock_Inv.xml

WSMT Supported: using WMI commands
Error: No dock attached
Error: No Dock found or cannot communicate to the Dock. Exit the program.

**************************************************
***Dell Get Dock Version started on 5/10/2024 at 13:51:16***
Command: C:\WINDOWS\TEMP\inv8B47_tmp\bin\GetDockVer32W.exe /o= ..\TB_Dock_Inv.xml

WSMT Supported: using WMI commands
Error: No dock attached
Error: No Dock found or cannot communicate to the Dock. Exit the program.

**************************************************
***Dell Get Dock Version started on 5/13/2024 at 17:19:29***
Command: C:\WINDOWS\TEMP\inv3800_tmp\bin\GetDockVer32W.exe /o= ..\TB_Dock_Inv.xml

WSMT Supported: using WMI commands
Error: No dock attached
Error: No Dock found or cannot communicate to the Dock. Exit the program.

**************************************************
***Dell Get Dock Version started on 5/17/2024 at 3:02:48***
Command: C:\WINDOWS\TEMP\inv5801_tmp\bin\GetDockVer32W.exe /o= ..\TB_Dock_Inv.xml

WSMT Supported: using WMI commands
Error: No dock attached
Error: No Dock found or cannot communicate to the Dock. Exit the program.

**************************************************
***Dell Get Dock Version started on 5/20/2024 at 0:38:56***
Command: C:\WINDOWS\TEMP\invC5FA_tmp\bin\GetDockVer32W.exe /o= ..\TB_Dock_Inv.xml

WSMT Supported: using WMI commands
Error: No dock attached
Error: No Dock found or cannot communicate to the Dock. Exit the program.

**************************************************
***Dell Get Dock Version started on 5/22/2024 at 22:04:53***
Command: C:\WINDOWS\TEMP\invD46A_tmp\bin\GetDockVer32W.exe /o= ..\TB_Dock_Inv.xml

WSMT Supported: using WMI commands
Error: No dock attached
Error: No Dock found or cannot communicate to the Dock. Exit the program.

**************************************************
***Dell Get Dock Version started on 5/25/2024 at 12:34:53***
Command: C:\Program Files (x86)\Dell\UpdateService\Service\InvColPC\bin\GetDockVer32W.exe /o= ..\TB_Dock_Inv.xml

WSMT Supported: using WMI commands
Error: No dock attached
Error: No Dock found or cannot communicate to the Dock. Exit the program.

**************************************************
***Dell Get Dock Version started on 5/28/2024 at 12:30:54***
Command: C:\Program Files (x86)\Dell\UpdateService\Service\InvColPC\bin\GetDockVer32W.exe /o= ..\TB_Dock_Inv.xml

WSMT Supported: using WMI commands
Error: No dock attached
Error: No Dock found or cannot communicate to the Dock. Exit the program.

**************************************************
***Dell Get Dock Version started on 6/3/2024 at 17:03:12***
Command: C:\WINDOWS\TEMP\inv20FB_tmp\bin\GetDockVer32W.exe /o= ..\TB_Dock_Inv.xml

WSMT Supported: using WMI commands
Error: No dock attached
Error: No Dock found or cannot communicate to the Dock. Exit the program.

**************************************************
***Dell Get Dock Version started on 6/8/2024 at 0:19:51***
Command: C:\WINDOWS\TEMP\invECD0_tmp\bin\GetDockVer32W.exe /o= ..\TB_Dock_Inv.xml

WSMT Supported: using WMI commands
Error: No dock attached
Error: No Dock found or cannot communicate to the Dock. Exit the program.

**************************************************
***Dell Get Dock Version started on 6/9/2024 at 23:56:21***
Command: C:\WINDOWS\TEMP\inv443A_tmp\bin\GetDockVer32W.exe /o= ..\TB_Dock_Inv.xml

WSMT Supported: using WMI commands
Error: No dock attached
Error: No Dock found or cannot communicate to the Dock. Exit the program.
